<?xml version="1.0" encoding="UTF-8"?>
<!-- Generated by org.testng.reporters.JUnitReportReporter -->
<testsuite hostname="LAPTOP-RCK7UHOB" failures="0" tests="10" name="Testing" time="27.135" errors="0" timestamp="2024-11-16T15:52:19 EET" skipped="0">
  <testcase classname="Testing" name="Language" time="0.030"/>
  <system-out/>
  <testcase classname="Testing" name="currency" time="0.029"/>
  <system-out/>
  <testcase classname="Testing" name="ContactNum" time="0.018"/>
  <system-out/>
  <testcase classname="Testing" name="QitafLogo" time="0.033"/>
  <system-out/>
  <testcase classname="Testing" name="HotelTabNotSelected" time="0.018"/>
  <system-out/>
  <testcase classname="Testing" name="DepartureTime" time="0.019"/>
  <system-out/>
  <testcase classname="Testing" name="ReturnTime" time="0.015"/>
  <system-out/>
  <testcase classname="Testing" name="RandLang" time="3.197"/>
  <system-out/>
  <testcase classname="Testing" name="CheckifFinished" time="23.031"/>
  <system-out/>
  <testcase classname="Testing" name="CheckTheSortOption" time="0.745"/>
  <system-out/>
</testsuite> <!-- Testing -->
